Determining if the pthread_create exist failed with the following output:
Change Dir: /home/nvidia/github_playgorund/MobileNet-SSD-TensorRT/CMakeFiles/CMakeTmp

Run Build Command:"/usr/bin/make" "cmTC_71e7d/fast"
/usr/bin/make -f CMakeFiles/cmTC_71e7d.dir/build.make CMakeFiles/cmTC_71e7d.dir/build
make[1]: Entering directory '/home/nvidia/github_playgorund/MobileNet-SSD-TensorRT/CMakeFiles/CMakeTmp'
Building C object CMakeFiles/cmTC_71e7d.dir/CheckSymbolExists.c.o
/usr/bin/cc    -fPIC    -o CMakeFiles/cmTC_71e7d.dir/CheckSymbolExists.c.o   -c /home/nvidia/github_playgorund/MobileNet-SSD-TensorRT/CMakeFiles/CMakeTmp/CheckSymbolExists.c
Linking C executable cmTC_71e7d
/usr/bin/cmake -E cmake_link_script CMakeFiles/cmTC_71e7d.dir/link.txt --verbose=1
/usr/bin/cc  -fPIC     CMakeFiles/cmTC_71e7d.dir/CheckSymbolExists.c.o  -o cmTC_71e7d -rdynamic 
CMakeFiles/cmTC_71e7d.dir/CheckSymbolExists.c.o: In function `main':
CheckSymbolExists.c:(.text+0x14): undefined reference to `pthread_create'
CheckSymbolExists.c:(.text+0x18): undefined reference to `pthread_create'
collect2: error: ld returned 1 exit status
CMakeFiles/cmTC_71e7d.dir/build.make:97: recipe for target 'cmTC_71e7d' failed
make[1]: *** [cmTC_71e7d] Error 1
make[1]: Leaving directory '/home/nvidia/github_playgorund/MobileNet-SSD-TensorRT/CMakeFiles/CMakeTmp'
Makefile:126: recipe for target 'cmTC_71e7d/fast' failed
make: *** [cmTC_71e7d/fast] Error 2

File /home/nvidia/github_playgorund/MobileNet-SSD-TensorRT/CMakeFiles/CMakeTmp/CheckSymbolExists.c:
/* */
#include <pthread.h>

int main(int argc, char** argv)
{
  (void)argv;
#ifndef pthread_create
  return ((int*)(&pthread_create))[argc];
#else
  (void)argc;
  return 0;
#endif
}

Determining if the function pthread_create exists in the pthreads failed with the following output:
Change Dir: /home/nvidia/github_playgorund/MobileNet-SSD-TensorRT/CMakeFiles/CMakeTmp

Run Build Command:"/usr/bin/make" "cmTC_5726d/fast"
/usr/bin/make -f CMakeFiles/cmTC_5726d.dir/build.make CMakeFiles/cmTC_5726d.dir/build
make[1]: Entering directory '/home/nvidia/github_playgorund/MobileNet-SSD-TensorRT/CMakeFiles/CMakeTmp'
Building C object CMakeFiles/cmTC_5726d.dir/CheckFunctionExists.c.o
/usr/bin/cc    -fPIC -DCHECK_FUNCTION_EXISTS=pthread_create   -o CMakeFiles/cmTC_5726d.dir/CheckFunctionExists.c.o   -c /usr/share/cmake-3.5/Modules/CheckFunctionExists.c
Linking C executable cmTC_5726d
/usr/bin/cmake -E cmake_link_script CMakeFiles/cmTC_5726d.dir/link.txt --verbose=1
/usr/bin/cc  -fPIC -DCHECK_FUNCTION_EXISTS=pthread_create    CMakeFiles/cmTC_5726d.dir/CheckFunctionExists.c.o  -o cmTC_5726d -rdynamic -lpthreads 
/usr/bin/ld: cannot find -lpthreads
collect2: error: ld returned 1 exit status
CMakeFiles/cmTC_5726d.dir/build.make:97: recipe for target 'cmTC_5726d' failed
make[1]: *** [cmTC_5726d] Error 1
make[1]: Leaving directory '/home/nvidia/github_playgorund/MobileNet-SSD-TensorRT/CMakeFiles/CMakeTmp'
Makefile:126: recipe for target 'cmTC_5726d/fast' failed
make: *** [cmTC_5726d/fast] Error 2


